[2018-10-02 13:06:13] gums_ausencia->codigo:JJ4.INFO:  ++++++ COMIENZA PROCESO SINCRONIZACIÓN AUSENCIAS +++++++++++ [] []
[2018-10-02 13:06:13] gums_ausencia->codigo:JJ4.INFO: CONEXIÓN A CCAP CORRECTA= mysql:host=icmbdlds005.madrid.org; dbname=ccap ** [] []
[2018-10-02 13:06:13] gums_ausencia->codigo:JJ4.INFO:  ENTORNO = VALIDACIÓN [] []
[2018-10-02 13:06:13] gums_ausencia->codigo:JJ4.INFO: CONEXIÓN GENERADA CORRECTAMENTE: informix:host=icmbdava003.madrid.org; service=1528; database=jano_inte; server=ifxval; protocol=onsoctcp [] []
[2018-10-02 13:06:13] gums_ausencia->codigo:JJ4.INFO: CONEXIÓN GENERADA CORRECTAMENTE: informix:host=icmbdava003.madrid.org; service=1528; database=unif_01; server=ifxval; protocol=onsoctcp [] []
[2018-10-02 13:06:13] gums_ausencia->codigo:JJ4.INFO:  ==> SINCRONIZACIÓN AUSENCIA : ID= (554) CÓDIGO= (JJ4) DESCRIPCIÓN= (PRUEBAS DE JOSE LUIS) ACTUACION= (INSERT) EQAUSENCIA_ID= (NULL) [] []
[2018-10-02 13:06:13] gums_ausencia->codigo:JJ4.INFO:  Parametros = 77 [] []
[2018-10-02 13:06:13] gums_ausencia->codigo:JJ4.INFO: => INSERT AUSENCIAS CODIGO= JJ4 DESCRIPCION= PRUEBAS DE JOSE LUIS BASE DE DATOS UNIFICADA [] []
[2018-10-02 13:06:13] gums_ausencia->codigo:JJ4.INFO: CONEXIÓN GENERADA CORRECTAMENTE: informix:host=icmbdava003.madrid.org; service=1526; database=saint_12; server=valsaint; protocol=onsoctcp [] []
[2018-10-02 13:06:13] gums_ausencia->codigo:JJ4.INFO: **ERROR NO EXISTE EQUIVALENCIA(EQ_MODOCUPA) PARA MODOCUPA_ID=  EDIFICIO_ID = 1 [] []
[2018-10-02 13:06:13] gums_ausencia->codigo:JJ4.INFO: **ERROR NO EXISTE EQUIVALENCIA(EQ_TIPO_ILT) PARA TIPO_ILT_ID=  EDIFICIO_ID = 1 [] []
[2018-10-02 13:06:13] gums_ausencia->codigo:JJ4.INFO:  EQUIVALENCIAS (LOCAL/UNIFICADA) [] []
[2018-10-02 13:06:13] gums_ausencia->codigo:JJ4.INFO:  =============================== [] []
[2018-10-02 13:06:13] gums_ausencia->codigo:JJ4.INFO:  EPIACC = ()/() [] []
[2018-10-02 13:06:13] gums_ausencia->codigo:JJ4.INFO:  MODOCUPA= ()/() [] []
[2018-10-02 13:06:13] gums_ausencia->codigo:JJ4.INFO:  FCO= ()/() [] []
[2018-10-02 13:06:13] gums_ausencia->codigo:JJ4.INFO:  OCUPACION= ()/() [] []
[2018-10-02 13:06:13] gums_ausencia->codigo:JJ4.INFO:  OCUPACION_NEW= ()/() [] []
[2018-10-02 13:06:13] gums_ausencia->codigo:JJ4.INFO:  TIPO_ILT= ()/() [] []
[2018-10-02 13:06:13] gums_ausencia->codigo:JJ4.INFO:  PATRONAL= ()/() [] []
[2018-10-02 13:06:13] gums_ausencia->codigo:JJ4.INFO: => INSERT AUSENCIAS CODIGO= JJ4 DESCRIPCION= PRUEBAS DE JOSE LUIS EDIFICIO_ID= (1) [] []
