[2018-10-02 13:09:11] gums_ausencia->codigo:JJ7.INFO:  ++++++ COMIENZA PROCESO SINCRONIZACIÓN AUSENCIAS +++++++++++ [] []
[2018-10-02 13:09:11] gums_ausencia->codigo:JJ7.INFO: CONEXIÓN A CCAP CORRECTA= mysql:host=icmbdlds005.madrid.org; dbname=ccap ** [] []
[2018-10-02 13:09:11] gums_ausencia->codigo:JJ7.INFO:  ENTORNO = VALIDACIÓN [] []
[2018-10-02 13:09:11] gums_ausencia->codigo:JJ7.INFO: CONEXIÓN GENERADA CORRECTAMENTE: informix:host=icmbdava003.madrid.org; service=1528; database=jano_inte; server=ifxval; protocol=onsoctcp [] []
[2018-10-02 13:09:11] gums_ausencia->codigo:JJ7.INFO: CONEXIÓN GENERADA CORRECTAMENTE: informix:host=icmbdava003.madrid.org; service=1528; database=unif_01; server=ifxval; protocol=onsoctcp [] []
[2018-10-02 13:09:11] gums_ausencia->codigo:JJ7.INFO:  ==> SINCRONIZACIÓN AUSENCIA : ID= (555) CÓDIGO= (JJ7) DESCRIPCIÓN= (PRUEBAS DE JOSE LUIS) ACTUACION= (INSERT) EQAUSENCIA_ID= (NULL) [] []
[2018-10-02 13:09:11] gums_ausencia->codigo:JJ7.INFO:  Parametros = 77 [] []
[2018-10-02 13:09:11] gums_ausencia->codigo:JJ7.INFO: => INSERT AUSENCIAS CODIGO= JJ7 DESCRIPCION= PRUEBAS DE JOSE LUIS BASE DE DATOS UNIFICADA [] []
[2018-10-02 13:09:11] gums_ausencia->codigo:JJ7.INFO: CONEXIÓN GENERADA CORRECTAMENTE: informix:host=icmbdava003.madrid.org; service=1526; database=saint_12; server=valsaint; protocol=onsoctcp [] []
[2018-10-02 13:09:11] gums_ausencia->codigo:JJ7.INFO:  EQUIVALENCIAS (LOCAL/UNIFICADA) [] []
[2018-10-02 13:09:11] gums_ausencia->codigo:JJ7.INFO:  =============================== [] []
[2018-10-02 13:09:11] gums_ausencia->codigo:JJ7.INFO:  EPIACC = ()/() [] []
[2018-10-02 13:09:11] gums_ausencia->codigo:JJ7.INFO:  MODOCUPA= ()/() [] []
[2018-10-02 13:09:11] gums_ausencia->codigo:JJ7.INFO:  FCO= ()/() [] []
[2018-10-02 13:09:11] gums_ausencia->codigo:JJ7.INFO:  OCUPACION= ()/() [] []
[2018-10-02 13:09:11] gums_ausencia->codigo:JJ7.INFO:  OCUPACION_NEW= ()/() [] []
[2018-10-02 13:09:11] gums_ausencia->codigo:JJ7.INFO:  TIPO_ILT= ()/() [] []
[2018-10-02 13:09:11] gums_ausencia->codigo:JJ7.INFO:  PATRONAL= ()/() [] []
[2018-10-02 13:09:11] gums_ausencia->codigo:JJ7.INFO: => INSERT AUSENCIAS CODIGO= JJ7 DESCRIPCION= PRUEBAS DE JOSE LUIS EDIFICIO_ID= (1) [] []
[2018-10-02 13:09:11] gums_ausencia->codigo:JJ7.INFO: INSERT EQ_AUSENCIA EDIFICIO= 0 CODIGO_LOC= JJ7 CODIGO_UNI=JJ7 [] []
[2018-10-02 13:09:11] gums_ausencia->codigo:JJ7.INFO: CONEXIÓN GENERADA CORRECTAMENTE: informix:host=icmbdava003.madrid.org; service=1526; database=saint_01; server=valsaint; protocol=onsoctcp [] []
[2018-10-02 13:09:11] gums_ausencia->codigo:JJ7.INFO:  EQUIVALENCIAS (LOCAL/UNIFICADA) [] []
[2018-10-02 13:09:11] gums_ausencia->codigo:JJ7.INFO:  =============================== [] []
[2018-10-02 13:09:11] gums_ausencia->codigo:JJ7.INFO:  EPIACC = ()/() [] []
[2018-10-02 13:09:11] gums_ausencia->codigo:JJ7.INFO:  MODOCUPA= ()/() [] []
[2018-10-02 13:09:11] gums_ausencia->codigo:JJ7.INFO:  FCO= ()/() [] []
[2018-10-02 13:09:11] gums_ausencia->codigo:JJ7.INFO:  OCUPACION= ()/() [] []
[2018-10-02 13:09:11] gums_ausencia->codigo:JJ7.INFO:  OCUPACION_NEW= ()/() [] []
[2018-10-02 13:09:11] gums_ausencia->codigo:JJ7.INFO:  TIPO_ILT= ()/() [] []
[2018-10-02 13:09:11] gums_ausencia->codigo:JJ7.INFO:  PATRONAL= ()/() [] []
[2018-10-02 13:09:11] gums_ausencia->codigo:JJ7.INFO: => INSERT AUSENCIAS CODIGO= JJ7 DESCRIPCION= PRUEBAS DE JOSE LUIS EDIFICIO_ID= (2) [] []
[2018-10-02 13:09:11] gums_ausencia->codigo:JJ7.INFO: INSERT EQ_AUSENCIA EDIFICIO= 1 CODIGO_LOC= JJ7 CODIGO_UNI=JJ7 [] []
[2018-10-02 13:09:11] gums_ausencia->codigo:JJ7.INFO: CONEXIÓN GENERADA CORRECTAMENTE: informix:host=icmbdava003.madrid.org; service=1526; database=saint_02; server=valsaint; protocol=onsoctcp [] []
[2018-10-02 13:09:11] gums_ausencia->codigo:JJ7.INFO:  EQUIVALENCIAS (LOCAL/UNIFICADA) [] []
[2018-10-02 13:09:11] gums_ausencia->codigo:JJ7.INFO:  =============================== [] []
[2018-10-02 13:09:11] gums_ausencia->codigo:JJ7.INFO:  EPIACC = ()/() [] []
[2018-10-02 13:09:11] gums_ausencia->codigo:JJ7.INFO:  MODOCUPA= ()/() [] []
[2018-10-02 13:09:11] gums_ausencia->codigo:JJ7.INFO:  FCO= ()/() [] []
[2018-10-02 13:09:11] gums_ausencia->codigo:JJ7.INFO:  OCUPACION= ()/() [] []
[2018-10-02 13:09:11] gums_ausencia->codigo:JJ7.INFO:  OCUPACION_NEW= ()/() [] []
[2018-10-02 13:09:11] gums_ausencia->codigo:JJ7.INFO:  TIPO_ILT= ()/() [] []
[2018-10-02 13:09:11] gums_ausencia->codigo:JJ7.INFO:  PATRONAL= ()/() [] []
[2018-10-02 13:09:11] gums_ausencia->codigo:JJ7.INFO: => INSERT AUSENCIAS CODIGO= JJ7 DESCRIPCION= PRUEBAS DE JOSE LUIS EDIFICIO_ID= (3) [] []
[2018-10-02 13:09:11] gums_ausencia->codigo:JJ7.INFO: INSERT EQ_AUSENCIA EDIFICIO= 2 CODIGO_LOC= JJ7 CODIGO_UNI=JJ7 [] []
[2018-10-02 13:09:11] gums_ausencia->codigo:JJ7.INFO: **ERROR NO EXISTE BASE DE DATOS PARA TIPO= 1 EDIFICIO= 3 [] []
[2018-10-02 13:09:11] gums_ausencia->codigo:JJ7.INFO: **ERROR NO EXISTE BASE DE DATOS PARA TIPO= 1 EDIFICIO= 4 [] []
[2018-10-02 13:09:11] gums_ausencia->codigo:JJ7.INFO: **ERROR NO EXISTE BASE DE DATOS PARA TIPO= 1 EDIFICIO= 5 [] []
[2018-10-02 13:09:11] gums_ausencia->codigo:JJ7.INFO: CONEXIÓN GENERADA CORRECTAMENTE: informix:host=icmbdava003.madrid.org; service=1526; database=saint_06; server=valsaint; protocol=onsoctcp [] []
[2018-10-02 13:09:11] gums_ausencia->codigo:JJ7.INFO:  EQUIVALENCIAS (LOCAL/UNIFICADA) [] []
[2018-10-02 13:09:11] gums_ausencia->codigo:JJ7.INFO:  =============================== [] []
[2018-10-02 13:09:11] gums_ausencia->codigo:JJ7.INFO:  EPIACC = ()/() [] []
[2018-10-02 13:09:11] gums_ausencia->codigo:JJ7.INFO:  MODOCUPA= ()/() [] []
[2018-10-02 13:09:11] gums_ausencia->codigo:JJ7.INFO:  FCO= ()/() [] []
[2018-10-02 13:09:11] gums_ausencia->codigo:JJ7.INFO:  OCUPACION= ()/() [] []
[2018-10-02 13:09:11] gums_ausencia->codigo:JJ7.INFO:  OCUPACION_NEW= ()/() [] []
[2018-10-02 13:09:11] gums_ausencia->codigo:JJ7.INFO:  TIPO_ILT= ()/() [] []
[2018-10-02 13:09:11] gums_ausencia->codigo:JJ7.INFO:  PATRONAL= ()/() [] []
[2018-10-02 13:09:11] gums_ausencia->codigo:JJ7.INFO: => INSERT AUSENCIAS CODIGO= JJ7 DESCRIPCION= PRUEBAS DE JOSE LUIS EDIFICIO_ID= (7) [] []
[2018-10-02 13:09:11] gums_ausencia->codigo:JJ7.INFO: INSERT EQ_AUSENCIA EDIFICIO= 6 CODIGO_LOC= JJ7 CODIGO_UNI=JJ7 [] []
[2018-10-02 13:09:11] gums_ausencia->codigo:JJ7.INFO: CONEXIÓN GENERADA CORRECTAMENTE: informix:host=icmbdava003.madrid.org; service=1526; database=saint_07; server=valsaint; protocol=onsoctcp [] []
[2018-10-02 13:09:11] gums_ausencia->codigo:JJ7.INFO:  EQUIVALENCIAS (LOCAL/UNIFICADA) [] []
[2018-10-02 13:09:11] gums_ausencia->codigo:JJ7.INFO:  =============================== [] []
[2018-10-02 13:09:11] gums_ausencia->codigo:JJ7.INFO:  EPIACC = ()/() [] []
[2018-10-02 13:09:11] gums_ausencia->codigo:JJ7.INFO:  MODOCUPA= ()/() [] []
[2018-10-02 13:09:11] gums_ausencia->codigo:JJ7.INFO:  FCO= ()/() [] []
[2018-10-02 13:09:11] gums_ausencia->codigo:JJ7.INFO:  OCUPACION= ()/() [] []
[2018-10-02 13:09:11] gums_ausencia->codigo:JJ7.INFO:  OCUPACION_NEW= ()/() [] []
[2018-10-02 13:09:11] gums_ausencia->codigo:JJ7.INFO:  TIPO_ILT= ()/() [] []
[2018-10-02 13:09:11] gums_ausencia->codigo:JJ7.INFO:  PATRONAL= ()/() [] []
[2018-10-02 13:09:11] gums_ausencia->codigo:JJ7.INFO: => INSERT AUSENCIAS CODIGO= JJ7 DESCRIPCION= PRUEBAS DE JOSE LUIS EDIFICIO_ID= (8) [] []
[2018-10-02 13:09:11] gums_ausencia->codigo:JJ7.INFO: INSERT EQ_AUSENCIA EDIFICIO= 7 CODIGO_LOC= JJ7 CODIGO_UNI=JJ7 [] []
[2018-10-02 13:09:11] gums_ausencia->codigo:JJ7.INFO: **ERROR NO EXISTE BASE DE DATOS PARA TIPO= 1 EDIFICIO= 8 [] []
[2018-10-02 13:09:11] gums_ausencia->codigo:JJ7.INFO: **ERROR NO EXISTE BASE DE DATOS PARA TIPO= 1 EDIFICIO= 9 [] []
[2018-10-02 13:09:11] gums_ausencia->codigo:JJ7.INFO: **ERROR NO EXISTE BASE DE DATOS PARA TIPO= 1 EDIFICIO= 10 [] []
[2018-10-02 13:09:11] gums_ausencia->codigo:JJ7.INFO: CONEXIÓN GENERADA CORRECTAMENTE: informix:host=icmbdava003.madrid.org; service=1526; database=saint_11; server=valsaint; protocol=onsoctcp [] []
[2018-10-02 13:09:11] gums_ausencia->codigo:JJ7.INFO:  EQUIVALENCIAS (LOCAL/UNIFICADA) [] []
[2018-10-02 13:09:11] gums_ausencia->codigo:JJ7.INFO:  =============================== [] []
[2018-10-02 13:09:11] gums_ausencia->codigo:JJ7.INFO:  EPIACC = ()/() [] []
[2018-10-02 13:09:11] gums_ausencia->codigo:JJ7.INFO:  MODOCUPA= ()/() [] []
[2018-10-02 13:09:11] gums_ausencia->codigo:JJ7.INFO:  FCO= ()/() [] []
[2018-10-02 13:09:11] gums_ausencia->codigo:JJ7.INFO:  OCUPACION= ()/() [] []
[2018-10-02 13:09:11] gums_ausencia->codigo:JJ7.INFO:  OCUPACION_NEW= ()/() [] []
[2018-10-02 13:09:11] gums_ausencia->codigo:JJ7.INFO:  TIPO_ILT= ()/() [] []
[2018-10-02 13:09:11] gums_ausencia->codigo:JJ7.INFO:  PATRONAL= ()/() [] []
[2018-10-02 13:09:11] gums_ausencia->codigo:JJ7.INFO: => INSERT AUSENCIAS CODIGO= JJ7 DESCRIPCION= PRUEBAS DE JOSE LUIS EDIFICIO_ID= (12) [] []
[2018-10-02 13:09:11] gums_ausencia->codigo:JJ7.INFO: INSERT EQ_AUSENCIA EDIFICIO= 11 CODIGO_LOC= JJ7 CODIGO_UNI=JJ7 [] []
